<?xml version="1.0" encoding="UTF-8"?>
<!-- Generated by org.testng.reporters.JUnitXMLReporter -->
<testsuite ignored="0" hostname="yathishgowda-PC" failures="0" tests="4" name="Test" time="35.866" errors="0" timestamp="2022-09-17T13:28:39 IST">
  <testcase classname="testcases.TestCases" name="Cart" time="2.619"/>
  <testcase classname="testcases.TestCases" name="RtLoginTest" time="1.776"/>
  <testcase classname="testcases.TestCases" name="TitleTest" time="0.263"/>
  <testcase classname="testcases.TestCases" name="WrgLoginTest" time="1.782"/>
</testsuite> <!-- Test -->
