<?xml version="1.0" encoding="UTF-8"?>
<!-- Generated by org.testng.reporters.JUnitXMLReporter -->
<testsuite ignored="0" hostname="yathishgowda-PC" failures="0" tests="4" name="Test" time="34.237" errors="0" timestamp="2022-09-17T13:42:20 IST">
  <testcase classname="testcases.TestCases" name="Cart" time="3.033"/>
  <testcase classname="testcases.TestCases" name="RtLoginTest" time="1.141"/>
  <testcase classname="testcases.TestCases" name="TitleTest" time="0.089"/>
  <testcase classname="testcases.TestCases" name="WrgLoginTest" time="0.878"/>
</testsuite> <!-- Test -->
