<?xml version="1.0" encoding="UTF-8"?>
<!-- Generated by org.testng.reporters.JUnitXMLReporter -->
<testsuite hostname="yathishgowda-PC" ignored="0" name="Test" tests="4" failures="0" timestamp="2022-09-21T19:28:55 IST" time="97.328" errors="0">
  <testcase name="Cart" time="8.367" classname="testcases.TestCases"/>
  <testcase name="RtLoginTest" time="2.529" classname="testcases.TestCases"/>
  <testcase name="TitleTest" time="0.138" classname="testcases.TestCases"/>
  <testcase name="WrgLoginTest" time="0.701" classname="testcases.TestCases"/>
</testsuite> <!-- Test -->
