<?xml version="1.0" encoding="UTF-8"?>
<testng-results ignored="0" total="4" passed="4" failed="0" skipped="0">
  <reporter-output>
  </reporter-output>
  <suite started-at="2022-09-17T13:28:03 IST" name="Suite" finished-at="2022-09-17T13:28:39 IST" duration-ms="35866">
    <groups>
    </groups>
    <test started-at="2022-09-17T13:28:03 IST" name="Test" finished-at="2022-09-17T13:28:39 IST" duration-ms="35866">
      <class name="testcases.TestCases">
        <test-method is-config="true" signature="SetUp()[pri:0, instance:testcases.TestCases@3d5c822d]" started-at="2022-09-17T13:28:03 IST" name="SetUp" finished-at="2022-09-17T13:28:09 IST" duration-ms="5950" status="PASS">
          <reporter-output>
          </reporter-output>
        </test-method> <!-- SetUp -->
        <test-method signature="Cart(java.lang.String)[pri:0, instance:testcases.TestCases@3d5c822d]" started-at="2022-09-17T13:28:09 IST" name="Cart" finished-at="2022-09-17T13:28:12 IST" duration-ms="2619" status="PASS">
          <params>
            <param index="0">
              <value>
                <![CDATA[Sauce Labs Backpack]]>
              </value>
            </param>
          </params>
          <reporter-output>
          </reporter-output>
        </test-method> <!-- Cart -->
        <test-method is-config="true" signature="TearDown()[pri:0, instance:testcases.TestCases@3d5c822d]" started-at="2022-09-17T13:28:12 IST" name="TearDown" finished-at="2022-09-17T13:28:12 IST" duration-ms="157" status="PASS">
          <reporter-output>
          </reporter-output>
        </test-method> <!-- TearDown -->
        <test-method is-config="true" signature="SetUp()[pri:0, instance:testcases.TestCases@3d5c822d]" started-at="2022-09-17T13:28:12 IST" name="SetUp" finished-at="2022-09-17T13:28:21 IST" duration-ms="9233" status="PASS">
          <reporter-output>
          </reporter-output>
        </test-method> <!-- SetUp -->
        <test-method signature="RtLoginTest()[pri:0, instance:testcases.TestCases@3d5c822d]" started-at="2022-09-17T13:28:21 IST" name="RtLoginTest" finished-at="2022-09-17T13:28:23 IST" duration-ms="1776" status="PASS">
          <reporter-output>
          </reporter-output>
        </test-method> <!-- RtLoginTest -->
        <test-method is-config="true" signature="TearDown()[pri:0, instance:testcases.TestCases@3d5c822d]" started-at="2022-09-17T13:28:23 IST" name="TearDown" finished-at="2022-09-17T13:28:23 IST" duration-ms="279" status="PASS">
          <reporter-output>
          </reporter-output>
        </test-method> <!-- TearDown -->
        <test-method is-config="true" signature="SetUp()[pri:0, instance:testcases.TestCases@3d5c822d]" started-at="2022-09-17T13:28:23 IST" name="SetUp" finished-at="2022-09-17T13:28:30 IST" duration-ms="6778" status="PASS">
          <reporter-output>
          </reporter-output>
        </test-method> <!-- SetUp -->
        <test-method signature="TitleTest()[pri:0, instance:testcases.TestCases@3d5c822d]" started-at="2022-09-17T13:28:30 IST" name="TitleTest" finished-at="2022-09-17T13:28:30 IST" duration-ms="263" status="PASS">
          <reporter-output>
          </reporter-output>
        </test-method> <!-- TitleTest -->
        <test-method is-config="true" signature="TearDown()[pri:0, instance:testcases.TestCases@3d5c822d]" started-at="2022-09-17T13:28:30 IST" name="TearDown" finished-at="2022-09-17T13:28:31 IST" duration-ms="160" status="PASS">
          <reporter-output>
          </reporter-output>
        </test-method> <!-- TearDown -->
        <test-method is-config="true" signature="SetUp()[pri:0, instance:testcases.TestCases@3d5c822d]" started-at="2022-09-17T13:28:31 IST" name="SetUp" finished-at="2022-09-17T13:28:37 IST" duration-ms="6641" status="PASS">
          <reporter-output>
          </reporter-output>
        </test-method> <!-- SetUp -->
        <test-method signature="WrgLoginTest(java.lang.String,java.lang.String)[pri:0, instance:testcases.TestCases@3d5c822d]" started-at="2022-09-17T13:28:37 IST" name="WrgLoginTest" finished-at="2022-09-17T13:28:39 IST" duration-ms="1782" status="PASS">
          <params>
            <param index="0">
              <value>
                <![CDATA[locked_out_user]]>
              </value>
            </param>
            <param index="1">
              <value>
                <![CDATA[12345678]]>
              </value>
            </param>
          </params>
          <reporter-output>
          </reporter-output>
        </test-method> <!-- WrgLoginTest -->
        <test-method is-config="true" signature="TearDown()[pri:0, instance:testcases.TestCases@3d5c822d]" started-at="2022-09-17T13:28:39 IST" name="TearDown" finished-at="2022-09-17T13:28:39 IST" duration-ms="125" status="PASS">
          <reporter-output>
          </reporter-output>
        </test-method> <!-- TearDown -->
      </class> <!-- testcases.TestCases -->
    </test> <!-- Test -->
  </suite> <!-- Suite -->
</testng-results>
