<?xml version="1.0" encoding="UTF-8"?>
<testng-results ignored="0" total="4" passed="4" failed="0" skipped="0">
  <reporter-output>
  </reporter-output>
  <suite started-at="2022-09-17T13:41:46 IST" name="Suite" finished-at="2022-09-17T13:42:20 IST" duration-ms="34237">
    <groups>
    </groups>
    <test started-at="2022-09-17T13:41:46 IST" name="Test" finished-at="2022-09-17T13:42:20 IST" duration-ms="34237">
      <class name="testcases.TestCases">
        <test-method is-config="true" signature="SetUp()[pri:0, instance:testcases.TestCases@3d5c822d]" started-at="2022-09-17T13:41:46 IST" name="SetUp" finished-at="2022-09-17T13:41:55 IST" duration-ms="9025" status="PASS">
          <reporter-output>
          </reporter-output>
        </test-method> <!-- SetUp -->
        <test-method signature="Cart(java.lang.String)[pri:0, instance:testcases.TestCases@3d5c822d]" started-at="2022-09-17T13:41:55 IST" name="Cart" finished-at="2022-09-17T13:41:58 IST" duration-ms="3033" status="PASS">
          <params>
            <param index="0">
              <value>
                <![CDATA[Sauce Labs Backpack]]>
              </value>
            </param>
          </params>
          <reporter-output>
          </reporter-output>
        </test-method> <!-- Cart -->
        <test-method is-config="true" signature="TearDown()[pri:0, instance:testcases.TestCases@3d5c822d]" started-at="2022-09-17T13:41:58 IST" name="TearDown" finished-at="2022-09-17T13:41:58 IST" duration-ms="211" status="PASS">
          <reporter-output>
          </reporter-output>
        </test-method> <!-- TearDown -->
        <test-method is-config="true" signature="SetUp()[pri:0, instance:testcases.TestCases@3d5c822d]" started-at="2022-09-17T13:41:58 IST" name="SetUp" finished-at="2022-09-17T13:42:08 IST" duration-ms="9087" status="PASS">
          <reporter-output>
          </reporter-output>
        </test-method> <!-- SetUp -->
        <test-method signature="RtLoginTest()[pri:0, instance:testcases.TestCases@3d5c822d]" started-at="2022-09-17T13:42:08 IST" name="RtLoginTest" finished-at="2022-09-17T13:42:09 IST" duration-ms="1141" status="PASS">
          <reporter-output>
          </reporter-output>
        </test-method> <!-- RtLoginTest -->
        <test-method is-config="true" signature="TearDown()[pri:0, instance:testcases.TestCases@3d5c822d]" started-at="2022-09-17T13:42:09 IST" name="TearDown" finished-at="2022-09-17T13:42:09 IST" duration-ms="214" status="PASS">
          <reporter-output>
          </reporter-output>
        </test-method> <!-- TearDown -->
        <test-method is-config="true" signature="SetUp()[pri:0, instance:testcases.TestCases@3d5c822d]" started-at="2022-09-17T13:42:09 IST" name="SetUp" finished-at="2022-09-17T13:42:14 IST" duration-ms="4842" status="PASS">
          <reporter-output>
          </reporter-output>
        </test-method> <!-- SetUp -->
        <test-method signature="TitleTest()[pri:0, instance:testcases.TestCases@3d5c822d]" started-at="2022-09-17T13:42:14 IST" name="TitleTest" finished-at="2022-09-17T13:42:14 IST" duration-ms="89" status="PASS">
          <reporter-output>
          </reporter-output>
        </test-method> <!-- TitleTest -->
        <test-method is-config="true" signature="TearDown()[pri:0, instance:testcases.TestCases@3d5c822d]" started-at="2022-09-17T13:42:14 IST" name="TearDown" finished-at="2022-09-17T13:42:14 IST" duration-ms="204" status="PASS">
          <reporter-output>
          </reporter-output>
        </test-method> <!-- TearDown -->
        <test-method is-config="true" signature="SetUp()[pri:0, instance:testcases.TestCases@3d5c822d]" started-at="2022-09-17T13:42:14 IST" name="SetUp" finished-at="2022-09-17T13:42:19 IST" duration-ms="5179" status="PASS">
          <reporter-output>
          </reporter-output>
        </test-method> <!-- SetUp -->
        <test-method signature="WrgLoginTest(java.lang.String,java.lang.String)[pri:0, instance:testcases.TestCases@3d5c822d]" started-at="2022-09-17T13:42:19 IST" name="WrgLoginTest" finished-at="2022-09-17T13:42:20 IST" duration-ms="878" status="PASS">
          <params>
            <param index="0">
              <value>
                <![CDATA[locked_out_user]]>
              </value>
            </param>
            <param index="1">
              <value>
                <![CDATA[12345678]]>
              </value>
            </param>
          </params>
          <reporter-output>
          </reporter-output>
        </test-method> <!-- WrgLoginTest -->
        <test-method is-config="true" signature="TearDown()[pri:0, instance:testcases.TestCases@3d5c822d]" started-at="2022-09-17T13:42:20 IST" name="TearDown" finished-at="2022-09-17T13:42:20 IST" duration-ms="227" status="PASS">
          <reporter-output>
          </reporter-output>
        </test-method> <!-- TearDown -->
      </class> <!-- testcases.TestCases -->
    </test> <!-- Test -->
  </suite> <!-- Suite -->
</testng-results>
